
> omni-leads@1.0.0 dev
> NODE_ENV=development tsx server/index.ts

Using PostgreSQL storage
1:38:38 PM [express] serving on port 8080
Supabase tables verified/created: waitlist_entries, demo_bookings, webinar_registrations, admin_users, profiles

A PostCSS plugin did not pass the `from` option to `postcss.parse`. This may cause imported assets to be incorrectly transformed. If you've recently added a PostCSS plugin that raised this warning, please contact the package author to fix the issue.
1:38:40 PM [express] GET /api/supabase-config 304 in 1ms :: {"url":"https://lqufkkalazkseqqnsnqm.supabase.co","anonKey":"eyJhbGciOiJIUzI1NiIsInR5cCI6IkpXVCJ9.eyJpc3MiOiJzdXBhYmFzZSIsInJlZiI6ImxxdWZra2FsYXprc2VxcW5zbnFtIiwicm9sZSI6ImFub24iLCJpYXQiOjE3NzAxNTE4NzksImV4cCI6MjA4NTcyNzg3OX0.wyRH8h23HQodrkPS68-EPpFpfaWlcDM8HtwXDJlKyNA"}
1:38:40 PM [express] GET /api/demo-booking 304 in 196ms :: {"success":true,"bookings":[]}
1:39:03 PM [express] GET /api/supabase-config 304 in 1ms :: {"url":"https://lqufkkalazkseqqnsnqm.supabase.co","anonKey":"eyJhbGciOiJIUzI1NiIsInR5cCI6IkpXVCJ9.eyJpc3MiOiJzdXBhYmFzZSIsInJlZiI6ImxxdWZra2FsYXprc2VxcW5zbnFtIiwicm9sZSI6ImFub24iLCJpYXQiOjE3NzAxNTE4NzksImV4cCI6MjA4NTcyNzg3OX0.wyRH8h23HQodrkPS68-EPpFpfaWlcDM8HtwXDJlKyNA"}
1:39:05 PM [express] GET /api/demo-booking 304 in 601ms :: {"success":true,"bookings":[]}
1:39:08 PM [express] GET /api/supabase-config 304 in 0ms :: {"url":"https://lqufkkalazkseqqnsnqm.supabase.co","anonKey":"eyJhbGciOiJIUzI1NiIsInR5cCI6IkpXVCJ9.eyJpc3MiOiJzdXBhYmFzZSIsInJlZiI6ImxxdWZra2FsYXprc2VxcW5zbnFtIiwicm9sZSI6ImFub24iLCJpYXQiOjE3NzAxNTE4NzksImV4cCI6MjA4NTcyNzg3OX0.wyRH8h23HQodrkPS68-EPpFpfaWlcDM8HtwXDJlKyNA"}
1:39:08 PM [express] GET /api/demo-booking 304 in 69ms :: {"success":true,"bookings":[]}
1:39:09 PM [express] GET /api/supabase-config 304 in 1ms :: {"url":"https://lqufkkalazkseqqnsnqm.supabase.co","anonKey":"eyJhbGciOiJIUzI1NiIsInR5cCI6IkpXVCJ9.eyJpc3MiOiJzdXBhYmFzZSIsInJlZiI6ImxxdWZra2FsYXprc2VxcW5zbnFtIiwicm9sZSI6ImFub24iLCJpYXQiOjE3NzAxNTE4NzksImV4cCI6MjA4NTcyNzg3OX0.wyRH8h23HQodrkPS68-EPpFpfaWlcDM8HtwXDJlKyNA"}
1:39:10 PM [express] GET /api/supabase-config 304 in 0ms :: {"url":"https://lqufkkalazkseqqnsnqm.supabase.co","anonKey":"eyJhbGciOiJIUzI1NiIsInR5cCI6IkpXVCJ9.eyJpc3MiOiJzdXBhYmFzZSIsInJlZiI6ImxxdWZra2FsYXprc2VxcW5zbnFtIiwicm9sZSI6ImFub24iLCJpYXQiOjE3NzAxNTE4NzksImV4cCI6MjA4NTcyNzg3OX0.wyRH8h23HQodrkPS68-EPpFpfaWlcDM8HtwXDJlKyNA"}
1:39:10 PM [express] GET /api/demo-booking 304 in 116ms :: {"success":true,"bookings":[]}
1:40:15 PM [express] GET /api/supabase-config 304 in 0ms :: {"url":"https://lqufkkalazkseqqnsnqm.supabase.co","anonKey":"eyJhbGciOiJIUzI1NiIsInR5cCI6IkpXVCJ9.eyJpc3MiOiJzdXBhYmFzZSIsInJlZiI6ImxxdWZra2FsYXprc2VxcW5zbnFtIiwicm9sZSI6ImFub24iLCJpYXQiOjE3NzAxNTE4NzksImV4cCI6MjA4NTcyNzg3OX0.wyRH8h23HQodrkPS68-EPpFpfaWlcDM8HtwXDJlKyNA"}
1:40:16 PM [express] GET /api/demo-booking 304 in 726ms :: {"success":true,"bookings":[]}
1:40:19 PM [express] GET /api/supabase-config 304 in 1ms :: {"url":"https://lqufkkalazkseqqnsnqm.supabase.co","anonKey":"eyJhbGciOiJIUzI1NiIsInR5cCI6IkpXVCJ9.eyJpc3MiOiJzdXBhYmFzZSIsInJlZiI6ImxxdWZra2FsYXprc2VxcW5zbnFtIiwicm9sZSI6ImFub24iLCJpYXQiOjE3NzAxNTE4NzksImV4cCI6MjA4NTcyNzg3OX0.wyRH8h23HQodrkPS68-EPpFpfaWlcDM8HtwXDJlKyNA"}
1:40:19 PM [express] GET /api/demo-booking 304 in 67ms :: {"success":true,"bookings":[]}
1:40:21 PM [express] GET /api/supabase-config 304 in 0ms :: {"url":"https://lqufkkalazkseqqnsnqm.supabase.co","anonKey":"eyJhbGciOiJIUzI1NiIsInR5cCI6IkpXVCJ9.eyJpc3MiOiJzdXBhYmFzZSIsInJlZiI6ImxxdWZra2FsYXprc2VxcW5zbnFtIiwicm9sZSI6ImFub24iLCJpYXQiOjE3NzAxNTE4NzksImV4cCI6MjA4NTcyNzg3OX0.wyRH8h23HQodrkPS68-EPpFpfaWlcDM8HtwXDJlKyNA"}
1:40:21 PM [express] GET /api/supabase-config 304 in 0ms :: {"url":"https://lqufkkalazkseqqnsnqm.supabase.co","anonKey":"eyJhbGciOiJIUzI1NiIsInR5cCI6IkpXVCJ9.eyJpc3MiOiJzdXBhYmFzZSIsInJlZiI6ImxxdWZra2FsYXprc2VxcW5zbnFtIiwicm9sZSI6ImFub24iLCJpYXQiOjE3NzAxNTE4NzksImV4cCI6MjA4NTcyNzg3OX0.wyRH8h23HQodrkPS68-EPpFpfaWlcDM8HtwXDJlKyNA"}
4:15:01 PM [express] GET /api/demo-booking 500 in 16ms :: {"success":false,"error":"Internal server error"}
4:16:59 PM [express] GET /api/supabase-config 304 in 1ms :: {"url":"https://lqufkkalazkseqqnsnqm.supabase.co","anonKey":"eyJhbGciOiJIUzI1NiIsInR5cCI6IkpXVCJ9.eyJpc3MiOiJzdXBhYmFzZSIsInJlZiI6ImxxdWZra2FsYXprc2VxcW5zbnFtIiwicm9sZSI6ImFub24iLCJpYXQiOjE3NzAxNTE4NzksImV4cCI6MjA4NTcyNzg3OX0.wyRH8h23HQodrkPS68-EPpFpfaWlcDM8HtwXDJlKyNA"}
4:21:31 PM [vite] (client) hmr update /src/hooks/use-profile.tsx, /src/index.css
4:21:31 PM [vite] (client) hmr invalidate /src/hooks/use-profile.tsx Could not Fast Refresh ("useProfile" export is incompatible). Learn more at https://github.com/vitejs/vite-plugin-react/tree/main/packages/plugin-react#consistent-components-exports
4:21:31 PM [vite] (client) hmr update /src/App.tsx, /src/pages/admin.tsx, /src/pages/sponsor-application.tsx, /src/pages/sponsor-info.tsx, /src/pages/sponsor.tsx, /src/pages/dashboard.tsx, /src/pages/join.tsx
4:21:40 PM [vite] (client) hmr update /src/hooks/use-profile.tsx, /src/index.css
4:21:40 PM [vite] (client) hmr invalidate /src/hooks/use-profile.tsx Could not Fast Refresh ("useProfile" export is incompatible). Learn more at https://github.com/vitejs/vite-plugin-react/tree/main/packages/plugin-react#consistent-components-exports
4:21:40 PM [vite] (client) hmr update /src/App.tsx, /src/pages/admin.tsx, /src/pages/sponsor-application.tsx, /src/pages/sponsor-info.tsx, /src/pages/sponsor.tsx, /src/pages/dashboard.tsx, /src/pages/join.tsx
4:21:48 PM [vite] (client) hmr update /src/hooks/use-profile.tsx, /src/index.css
4:21:49 PM [vite] (client) hmr invalidate /src/hooks/use-profile.tsx Could not Fast Refresh ("useProfile" export is incompatible). Learn more at https://github.com/vitejs/vite-plugin-react/tree/main/packages/plugin-react#consistent-components-exports
4:21:49 PM [vite] (client) hmr update /src/App.tsx, /src/pages/admin.tsx, /src/pages/sponsor-application.tsx, /src/pages/sponsor-info.tsx, /src/pages/sponsor.tsx, /src/pages/dashboard.tsx, /src/pages/join.tsx
4:21:56 PM [vite] (client) hmr update /src/hooks/use-profile.tsx, /src/index.css
4:21:56 PM [vite] (client) hmr invalidate /src/hooks/use-profile.tsx Could not Fast Refresh ("useProfile" export is incompatible). Learn more at https://github.com/vitejs/vite-plugin-react/tree/main/packages/plugin-react#consistent-components-exports
4:21:56 PM [vite] (client) hmr update /src/App.tsx, /src/pages/admin.tsx, /src/pages/sponsor-application.tsx, /src/pages/sponsor-info.tsx, /src/pages/sponsor.tsx, /src/pages/dashboard.tsx, /src/pages/join.tsx
4:22:02 PM [vite] (client) hmr update /src/hooks/use-profile.tsx, /src/index.css
4:22:03 PM [vite] (client) hmr invalidate /src/hooks/use-profile.tsx Could not Fast Refresh ("useProfile" export is incompatible). Learn more at https://github.com/vitejs/vite-plugin-react/tree/main/packages/plugin-react#consistent-components-exports
4:22:03 PM [vite] (client) hmr update /src/App.tsx, /src/pages/admin.tsx, /src/pages/sponsor-application.tsx, /src/pages/sponsor-info.tsx, /src/pages/sponsor.tsx, /src/pages/dashboard.tsx, /src/pages/join.tsx
4:22:23 PM [vite] (client) hmr update /src/pages/dashboard.tsx, /src/index.css
4:24:14 PM [express] GET /api/supabase-config 304 in 1ms :: {"url":"https://lqufkkalazkseqqnsnqm.supabase.co","anonKey":"eyJhbGciOiJIUzI1NiIsInR5cCI6IkpXVCJ9.eyJpc3MiOiJzdXBhYmFzZSIsInJlZiI6ImxxdWZra2FsYXprc2VxcW5zbnFtIiwicm9sZSI6ImFub24iLCJpYXQiOjE3NzAxNTE4NzksImV4cCI6MjA4NTcyNzg3OX0.wyRH8h23HQodrkPS68-EPpFpfaWlcDM8HtwXDJlKyNA"}
4:35:27 PM [vite] (client) hmr update /src/hooks/use-profile.tsx, /src/index.css
4:35:56 PM [vite] (client) hmr update /src/pages/dashboard.tsx, /src/index.css
4:36:10 PM [vite] (client) hmr update /src/pages/dashboard.tsx, /src/index.css
